=== ECS Deployment Insights ===
Timestamp: 20241104111259
Cluster: demo-cluster-6bc4c7c8
Service: demo-ecs-service-6bc4c7c8
Log File: ./ecs_deployment_logs/ecs_deployment_20241104111259.log
===============================

--- Service Overview ---
{
    "status": "ACTIVE",
    "runningCount": 0,
    "desiredCount": 1,
    "pendingCount": 0,
    "events": null
}

--- Tasks in Service ---
{
    "taskArns": []
}

--- Detailed Task Descriptions ---

--- Current Task Definition ---
{
    "Family": null,
    "Revision": null,
    "ContainerDefinitions": null
}

--- Deployment Details ---
[
    {
        "Status": "PRIMARY",
        "DesiredCount": 0,
        "RunningCount": 0,
        "PendingCount": 0,
        "CreatedAt": "2024-11-04T13:12:59.429000+02:00"
    }
]
