=== ECS Deployment Insights ===
Timestamp: 20241121203556
Cluster: demo-cluster-3b60f118
Service: demo-ecs-service-3b60f118
Log File: ./ecs_deployment_logs/ecs_deployment_20241121203556.log
===============================

--- Service Overview ---
{
    "status": "ACTIVE",
    "runningCount": 0,
    "desiredCount": 1,
    "pendingCount": 0,
    "events": null
}

--- Tasks in Service ---
{
    "taskArns": []
}

--- Detailed Task Descriptions ---

--- Current Task Definition ---
{
    "Family": null,
    "Revision": null,
    "ContainerDefinitions": null
}

--- Deployment Details ---
[
    {
        "Status": "PRIMARY",
        "DesiredCount": 0,
        "RunningCount": 0,
        "PendingCount": 0,
        "CreatedAt": "2024-11-21T22:35:54.947000+02:00"
    }
]
