=== ECS Deployment Insights ===
Timestamp: 20241104075156
Cluster: demo-cluster-08d0746c
Service: demo-ecs-service-08d0746c
Log File: ./ecs_deployment_logs/ecs_deployment_20241104075156.log
===============================

--- Service Overview ---
{
    "status": "ACTIVE",
    "runningCount": 0,
    "desiredCount": 1,
    "pendingCount": 0,
    "events": null
}

--- Tasks in Service ---
{
    "taskArns": []
}

--- Detailed Task Descriptions ---

--- Current Task Definition ---
{
    "Family": null,
    "Revision": null,
    "ContainerDefinitions": null
}

--- Deployment Details ---
[
    {
        "Status": "PRIMARY",
        "DesiredCount": 0,
        "RunningCount": 0,
        "PendingCount": 0,
        "CreatedAt": "2024-11-04T09:51:55.602000+02:00"
    }
]
