=== ECS Deployment Insights ===
Timestamp: 20241111150344
Cluster: demo-cluster-3a29de9e
Service: demo-ecs-service-nodes3a29de9e
Log File: ./ecs_deployment_logs/ecs_deployment_20241111150344.log
===============================

--- Service Identity Status ---

--- Service Overview ---
{
    "status": "ACTIVE",
    "runningCount": 0,
    "desiredCount": 2,
    "pendingCount": 0,
    "events": null
}

--- Tasks in Service ---
{
    "taskArns": []
}

--- Detailed Task Descriptions ---

--- Current Task Definition ---
{
    "Family": null,
    "Revision": null,
    "ContainerDefinitions": null
}

--- Deployment Details ---
[
    {
        "Status": "PRIMARY",
        "DesiredCount": 0,
        "RunningCount": 0,
        "PendingCount": 0,
        "CreatedAt": "2024-11-11T17:03:43.429000+02:00"
    }
]
