=== ECS Deployment Insights ===
Timestamp: 20241110140309
Cluster: demo-cluster-a2ab0fa5
Service: demo-ecs-service-nodesa2ab0fa5
Log File: ./ecs_deployment_logs/ecs_deployment_20241110140309.log
===============================

--- Service Identity Status ---

--- Service Overview ---
{
    "status": "ACTIVE",
    "runningCount": 0,
    "desiredCount": 2,
    "pendingCount": 0,
    "events": null
}

--- Tasks in Service ---
{
    "taskArns": []
}

--- Detailed Task Descriptions ---

--- Current Task Definition ---
{
    "Family": null,
    "Revision": null,
    "ContainerDefinitions": null
}

--- Deployment Details ---
[
    {
        "Status": "PRIMARY",
        "DesiredCount": 0,
        "RunningCount": 0,
        "PendingCount": 0,
        "CreatedAt": "2024-11-10T16:03:08.376000+02:00"
    }
]
