=== ECS Deployment Insights ===
Timestamp: 20241103160408
Cluster: demo-cluster-1b3df049
Service: demo-ecs-service-1b3df049
Log File: ./ecs_deployment_logs/ecs_deployment_20241103160408.log
===============================

--- Service Overview ---
{
    "status": "ACTIVE",
    "runningCount": 0,
    "desiredCount": 1,
    "pendingCount": 0,
    "events": null
}

--- Tasks in Service ---
{
    "taskArns": []
}

--- Detailed Task Descriptions ---

--- Current Task Definition ---
{
    "Family": null,
    "Revision": null,
    "ContainerDefinitions": null
}

--- Deployment Details ---
[
    {
        "Status": "PRIMARY",
        "DesiredCount": 0,
        "RunningCount": 0,
        "PendingCount": 0,
        "CreatedAt": "2024-11-03T18:04:07.839000+02:00"
    }
]
