=== ECS Deployment Insights ===
Timestamp: 20241104092657
Cluster: demo-cluster-53b24be2
Service: demo-ecs-service-53b24be2
Log File: ./ecs_deployment_logs/ecs_deployment_20241104092657.log
===============================

--- Service Overview ---
{
    "status": "ACTIVE",
    "runningCount": 0,
    "desiredCount": 1,
    "pendingCount": 0,
    "events": null
}

--- Tasks in Service ---
{
    "taskArns": []
}

--- Detailed Task Descriptions ---

--- Current Task Definition ---
{
    "Family": null,
    "Revision": null,
    "ContainerDefinitions": null
}

--- Deployment Details ---
[
    {
        "Status": "PRIMARY",
        "DesiredCount": 0,
        "RunningCount": 0,
        "PendingCount": 0,
        "CreatedAt": "2024-11-04T11:26:57.522000+02:00"
    }
]
