=== ECS Deployment Insights ===
Timestamp: 20241104055847
Cluster: demo-cluster-0da59a6e
Service: demo-ecs-service-0da59a6e
Log File: ./ecs_deployment_logs/ecs_deployment_20241104055847.log
===============================

--- Service Overview ---
{
    "status": "ACTIVE",
    "runningCount": 0,
    "desiredCount": 1,
    "pendingCount": 0,
    "events": null
}

--- Tasks in Service ---
{
    "taskArns": []
}

--- Detailed Task Descriptions ---

--- Current Task Definition ---
{
    "Family": null,
    "Revision": null,
    "ContainerDefinitions": null
}

--- Deployment Details ---
[
    {
        "Status": "PRIMARY",
        "DesiredCount": 0,
        "RunningCount": 0,
        "PendingCount": 0,
        "CreatedAt": "2024-11-04T07:58:47.371000+02:00"
    }
]
