=== ECS Deployment Insights ===
Timestamp: 20241101160930
Cluster: demo-cluster-8a2b7823
Service: demo-ecs-service-8a2b7823
Log File: ./ecs_deployment_logs/ecs_deployment_20241101160930.log
===============================

--- Service Overview ---
{
    "status": "ACTIVE",
    "runningCount": 0,
    "desiredCount": 1,
    "pendingCount": 0,
    "events": null
}

--- Tasks in Service ---
{
    "taskArns": []
}

--- Detailed Task Descriptions ---

--- Current Task Definition ---
{
    "Family": null,
    "Revision": null,
    "ContainerDefinitions": null
}

--- Deployment Details ---
[
    {
        "Status": "PRIMARY",
        "DesiredCount": 0,
        "RunningCount": 0,
        "PendingCount": 0,
        "CreatedAt": "2024-11-01T18:09:30.021000+02:00"
    }
]
