=== ECS Deployment Insights ===
Timestamp: 20241104080751
Cluster: demo-cluster-f362351e
Service: demo-ecs-service-f362351e
Log File: ./ecs_deployment_logs/ecs_deployment_20241104080751.log
===============================

--- Service Overview ---
{
    "status": "ACTIVE",
    "runningCount": 0,
    "desiredCount": 1,
    "pendingCount": 0,
    "events": null
}

--- Tasks in Service ---
{
    "taskArns": []
}

--- Detailed Task Descriptions ---

--- Current Task Definition ---
{
    "Family": null,
    "Revision": null,
    "ContainerDefinitions": null
}

--- Deployment Details ---
[
    {
        "Status": "PRIMARY",
        "DesiredCount": 0,
        "RunningCount": 0,
        "PendingCount": 0,
        "CreatedAt": "2024-11-04T10:07:51.007000+02:00"
    }
]
