=== ECS Deployment Cleanup Insights ===
Timestamp: 20241122140023
Cluster: demo-cluster-22bb18ad
Service: demo-ecs-service-22bb18ad
VPC: vpc-060805fcbd292b200
Log File: ./ecs_deployment_logs/ecs_deployment_20241122140023.lo--======================={
    "status": "ACTIVE",
    "runningCount": 0,
--- Network Interface Cleanup ---

--- Service Scaling to Zero ---
{
    "service": {
        "serviceArn": "arn:aws:ecs:us-east-1:010575877879:service/demo-cluster-22bb18ad/demo-ecs-se{
    "Family": null,
    "Revision": null,
    "ContainerDefinitions": null
}

--- Deployment Details ---
[
    {
        "Status": "PRIMARY",
        "DesiredCount": 0,
        "RunningCount": 0,
        "PendingCount": 0,
        "CreatedAt": "2024-11-22T16:00:23.313000+02:00"
    }
]
rgetgroup/tg-demo-alb-22bb18ad-bdf6/9bdf4cf244096393",
                "containerName": "nginx_origen-nginx",
                "containerPort": 80
            }
        ],
        "serviceRegistries": [],
        "status": "ACTIVE",
        "desiredCount": 0,
        "runningCount": 0,
        "pendingCount": 0,
        "capacityProviderStrategy": [
            {
                "capacityProvider": "demo-capacity-provider-22bb18ad",
                "weight": 100,
                "base": 1
            }
        ],
        "taskDefinition": "arn:aws:ecs:us-east-1:010575877879:task-definition/nginx-task-22bb18ad:1",
        "deploymentConfiguration": {
            "deploymentCircuitBreaker": {
                "enable": true,
                "rollback": true
            },
            "maximumPercent": 200,
            "minimumHealthyPercent": 100
        },
        "deployments": [
            {
                "id": "ecs-svc/6627727255316806638",
                "status": "PRIMARY",
                "taskDefinition": "arn:aws:ecs:us-east-1:010575877879:task-definition/nginx-task-22bb18ad:1",
                "desiredCount": 0,
                "pendingCount": 0,
                "runningCount": 0,
                "failedTasks": 0,
                "createdAt": "2024-11-22T16:00:23.313000+02:00",
                "updatedAt": "2024-11-22T16:00:23.313000+02:00",
                "capacityProviderStrategy": [
                    {
                        "capacityProvider": "demo-capacity-provider-22bb18ad",
                        "weight": 100,
                        "base": 1
                    }
                ],
                "rolloutState": "IN_PROGRESS",
                "rolloutStateReason": "ECS deployment ecs-svc/6627727255316806638 in progress."
            }
        ],
        "roleArn": "arn:aws:iam::010575877879:role/aws-service-role/ecs.amazonaws.com/AWSServiceRoleForECS",
        "events": [],
        "createdAt": "2024-11-22T16:00:23.313000+02:00",
        "placementConstraints": [
            {
                "type": "distinctInstance"
            }
        ],
        "placementStrategy": [
            {
                "type": "spread",
                "field": "attribute:ecs.availability-zone"
            },
            {
                "type": "spread",
                "field": "instanceId"
            }
        ],
        "healthCheckGracePeriodSeconds": 120,
        "schedulingStrategy": "REPLICA",
        "deploymentController": {
            "type": "ECS"
        },
        "createdBy": "arn:aws:iam::010575877879:root",
        "enableECSManagedTags": false,
        "propagateTags": "NONE",
        "enableExecuteCommand": false
    }
}

--- Task Definition Management ---
