=== ECS Deployment Insights ===
Timestamp: 20241102172227
Cluster: demo-cluster-1a65304c
Service: demo-ecs-service-1a65304c
Log File: ./ecs_deployment_logs/ecs_deployment_20241102172227.log
===============================

--- Service Overview ---
{
    "status": "ACTIVE",
    "runningCount": 0,
    "desiredCount": 1,
    "pendingCount": 0,
    "events": null
}

--- Tasks in Service ---
{
    "taskArns": []
}

--- Detailed Task Descriptions ---

--- Current Task Definition ---
{
    "Family": null,
    "Revision": null,
    "ContainerDefinitions": null
}

--- Deployment Details ---
[
    {
        "Status": "PRIMARY",
        "DesiredCount": 0,
        "RunningCount": 0,
        "PendingCount": 0,
        "CreatedAt": "2024-11-02T19:22:27.258000+02:00"
    }
]
