=== ECS Deployment Insights ===
Timestamp: 20241104054852
Cluster: demo-cluster-786fb244
Service: demo-ecs-service-786fb244
Log File: ./ecs_deployment_logs/ecs_deployment_20241104054852.log
===============================

--- Service Overview ---
{
    "status": "ACTIVE",
    "runningCount": 0,
    "desiredCount": 1,
    "pendingCount": 0,
    "events": null
}

--- Tasks in Service ---
{
    "taskArns": []
}

--- Detailed Task Descriptions ---

--- Current Task Definition ---
{
    "Family": null,
    "Revision": null,
    "ContainerDefinitions": null
}

--- Deployment Details ---
[
    {
        "Status": "PRIMARY",
        "DesiredCount": 0,
        "RunningCount": 0,
        "PendingCount": 0,
        "CreatedAt": "2024-11-04T07:48:51.592000+02:00"
    }
]
