=== ECS Deployment Insights ===
Timestamp: 20241103204943
Cluster: demo-cluster-e7e7f7ba
Service: demo-ecs-service-e7e7f7ba
Log File: ./ecs_deployment_logs/ecs_deployment_20241103204943.log
===============================

--- Service Overview ---
{
    "status": "ACTIVE",
    "runningCount": 0,
    "desiredCount": 1,
    "pendingCount": 0,
    "events": null
}

--- Tasks in Service ---
{
    "taskArns": []
}

--- Detailed Task Descriptions ---

--- Current Task Definition ---
{
    "Family": null,
    "Revision": null,
    "ContainerDefinitions": null
}

--- Deployment Details ---
[
    {
        "Status": "PRIMARY",
        "DesiredCount": 0,
        "RunningCount": 0,
        "PendingCount": 0,
        "CreatedAt": "2024-11-03T22:49:43.125000+02:00"
    }
]
