=== ECS Deployment Insights ===
Timestamp: 20241121220641
Cluster: demo-cluster-661bf75a
Service: demo-ecs-service-661bf75a
Log File: ./ecs_deployment_logs/ecs_deployment_20241121220641.log
===============================

--- Service Overview ---
{
    "status": "ACTIVE",
    "runningCount": 0,
    "desiredCount": 1,
    "pendingCount": 0,
    "events": null
}

--- Tasks in Service ---
{
    "taskArns": []
}

--- Detailed Task Descriptions ---

--- Current Task Definition ---
{
    "Family": null,
    "Revision": null,
    "ContainerDefinitions": null
}

--- Deployment Details ---
[
    {
        "Status": "PRIMARY",
        "DesiredCount": 0,
        "RunningCount": 0,
        "PendingCount": 0,
        "CreatedAt": "2024-11-22T00:06:41.388000+02:00"
    }
]
