=== Node.js ECS Deployment Insights ===
Timestamp: 20241205092325
Cluster: demo-cluster-ebea89d2
Service: ECS_service-ecs-service-node-ebea89d2
Log File: ./ecs_deployment_logs/nodejs_deployment_20241205092325.log
===============================

--- Service Overview ---
{
    "status": "ACTIVE",
    "runningCount": 0,
    "desiredCount": 2,
    "pendingCount": 0,
    "events": null
}

--- Tasks in Service ---
{
    "taskArns": []
}

--- Detailed Task Descriptions ---

--- Current Task Definition ---
{
    "Family": null,
    "Revision": null,
    "ContainerDefinitions": null
}

--- Deployment Details ---
[
    {
        "Status": "PRIMARY",
        "DesiredCount": 0,
        "RunningCount": 0,
        "PendingCount": 0,
        "CreatedAt": "2024-12-05T11:23:25.580000+02:00"
    }
]
