+ log 'Starting user data script execution'
++ date '+%Y-%m-%d %H:%M:%S'
+ echo '[2024-11-03 09:23:48] Starting user data script execution'
[2024-11-03 09:23:48] Starting user data script execution
+ sleep 5
+ log 'Updating system packages'
++ date '+%Y-%m-%d %H:%M:%S'
+ echo '[2024-11-03 09:23:53] Updating system packages'
[2024-11-03 09:23:53] Updating system packages
+ wait_for_yum
+ sudo fuser /var/run/yum.pid
+ sudo yum update -y
Loaded plugins: priorities, update-motd, upgrade-helper
Existing lock /var/run/yum.pid: another copy is running as pid 4520.
Another app is currently holding the yum lock; waiting for it to exit...
  The other application is: yum
    Memory :  31 M RSS (323 MB VSZ)
    Started: Sun Nov  3 09:23:50 2024 - 00:03 ago
    State  : Sleeping, pid: 4520
Another app is currently holding the yum lock; waiting for it to exit...
  The other application is: yum
    Memory :  31 M RSS (323 MB VSZ)
    Started: Sun Nov  3 09:23:50 2024 - 00:05 ago
    State  : Sleeping, pid: 4520
Another app is currently holding the yum lock; waiting for it to exit...
  The other application is: yum
    Memory :  31 M RSS (323 MB VSZ)
    Started: Sun Nov  3 09:23:50 2024 - 00:07 ago
    State  : Sleeping, pid: 4520
Another app is currently holding the yum lock; waiting for it to exit...
  The other application is: yum
    Memory :  31 M RSS (323 MB VSZ)
    Started: Sun Nov  3 09:23:50 2024 - 00:09 ago
    State  : Sleeping, pid: 4520
Another app is currently holding the yum lock; waiting for it to exit...
  The other application is: yum
    Memory :  31 M RSS (323 MB VSZ)
    Started: Sun Nov  3 09:23:50 2024 - 00:11 ago
    State  : Sleeping, pid: 4520
Another app is currently holding the yum lock; waiting for it to exit...
  The other application is: yum
    Memory :  31 M RSS (323 MB VSZ)
    Started: Sun Nov  3 09:23:50 2024 - 00:13 ago
    State  : Sleeping, pid: 4520
Another app is currently holding the yum lock; waiting for it to exit...
  The other application is: yum
    Memory :  31 M RSS (323 MB VSZ)
    Started: Sun Nov  3 09:23:50 2024 - 00:15 ago
    State  : Sleeping, pid: 4520
Another app is currently holding the yum lock; waiting for it to exit...
  The other application is: yum
    Memory :  31 M RSS (323 MB VSZ)
    Started: Sun Nov  3 09:23:50 2024 - 00:17 ago
    State  : Sleeping, pid: 4520
Another app is currently holding the yum lock; waiting for it to exit...
  The other application is: yum
    Memory :  31 M RSS (323 MB VSZ)
    Started: Sun Nov  3 09:23:50 2024 - 00:19 ago
    State  : Sleeping, pid: 4520
Another app is currently holding the yum lock; waiting for it to exit...
  The other application is: yum
    Memory :  31 M RSS (323 MB VSZ)
    Started: Sun Nov  3 09:23:50 2024 - 00:21 ago
    State  : Sleeping, pid: 4520
Another app is currently holding the yum lock; waiting for it to exit...
  The other application is: yum
    Memory :  31 M RSS (323 MB VSZ)
    Started: Sun Nov  3 09:23:50 2024 - 00:23 ago
    State  : Sleeping, pid: 4520
Another app is currently holding the yum lock; waiting for it to exit...
  The other application is: yum
    Memory :  31 M RSS (323 MB VSZ)
    Started: Sun Nov  3 09:23:50 2024 - 00:25 ago
    State  : Sleeping, pid: 4520
Another app is currently holding the yum lock; waiting for it to exit...
  The other application is: yum
    Memory :  31 M RSS (323 MB VSZ)
    Started: Sun Nov  3 09:23:50 2024 - 00:27 ago
    State  : Sleeping, pid: 4520
Another app is currently holding the yum lock; waiting for it to exit...
  The other application is: yum
    Memory :  31 M RSS (323 MB VSZ)
    Started: Sun Nov  3 09:23:50 2024 - 00:29 ago
    State  : Sleeping, pid: 4520
Another app is currently holding the yum lock; waiting for it to exit...
  The other application is: yum
    Memory :  31 M RSS (323 MB VSZ)
    Started: Sun Nov  3 09:23:50 2024 - 00:31 ago
    State  : Sleeping, pid: 4520
Existing lock /var/run/yum.pid: another copy is running as pid 4590.
Another app is currently holding the yum lock; waiting for it to exit...
  The other application is: yum
    Memory :  31 M RSS (323 MB VSZ)
    Started: Sun Nov  3 09:24:20 2024 - 00:03 ago
    State  : Sleeping, pid: 4590
Another app is currently holding the yum lock; waiting for it to exit...
  The other application is: yum
    Memory :  31 M RSS (323 MB VSZ)
    Started: Sun Nov  3 09:24:20 2024 - 00:05 ago
    State  : Sleeping, pid: 4590
Another app is currently holding the yum lock; waiting for it to exit...
  The other application is: yum
    Memory :  31 M RSS (324 MB VSZ)
    Started: Sun Nov  3 09:24:20 2024 - 00:07 ago
    State  : Sleeping, pid: 4590
Another app is currently holding the yum lock; waiting for it to exit...
  The other application is: yum
    Memory :  31 M RSS (324 MB VSZ)
    Started: Sun Nov  3 09:24:20 2024 - 00:09 ago
    State  : Sleeping, pid: 4590
Another app is currently holding the yum lock; waiting for it to exit...
  The other application is: yum
    Memory :  31 M RSS (324 MB VSZ)
    Started: Sun Nov  3 09:24:20 2024 - 00:11 ago
    State  : Sleeping, pid: 4590
Another app is currently holding the yum lock; waiting for it to exit...
  The other application is: yum
    Memory :  31 M RSS (324 MB VSZ)
    Started: Sun Nov  3 09:24:20 2024 - 00:13 ago
    State  : Sleeping, pid: 4590
Another app is currently holding the yum lock; waiting for it to exit...
  The other application is: yum
    Memory :  31 M RSS (324 MB VSZ)
    Started: Sun Nov  3 09:24:20 2024 - 00:15 ago
    State  : Sleeping, pid: 4590
Another app is currently holding the yum lock; waiting for it to exit...
  The other application is: yum
    Memory :  31 M RSS (324 MB VSZ)
    Started: Sun Nov  3 09:24:20 2024 - 00:17 ago
    State  : Sleeping, pid: 4590
Another app is currently holding the yum lock; waiting for it to exit...
  The other application is: yum
    Memory :  31 M RSS (324 MB VSZ)
    Started: Sun Nov  3 09:24:20 2024 - 00:19 ago
    State  : Sleeping, pid: 4590
Another app is currently holding the yum lock; waiting for it to exit...
  The other application is: yum
    Memory :  31 M RSS (324 MB VSZ)
    Started: Sun Nov  3 09:24:20 2024 - 00:21 ago
    State  : Sleeping, pid: 4590
Another app is currently holding the yum lock; waiting for it to exit...
  The other application is: yum
    Memory :  31 M RSS (324 MB VSZ)
    Started: Sun Nov  3 09:24:20 2024 - 00:23 ago
    State  : Sleeping, pid: 4590
Another app is currently holding the yum lock; waiting for it to exit...
  The other application is: yum
    Memory :  31 M RSS (324 MB VSZ)
    Started: Sun Nov  3 09:24:20 2024 - 00:25 ago
    State  : Sleeping, pid: 4590
Another app is currently holding the yum lock; waiting for it to exit...
  The other application is: yum
    Memory :  31 M RSS (324 MB VSZ)
    Started: Sun Nov  3 09:24:20 2024 - 00:27 ago
    State  : Sleeping, pid: 4590
Another app is currently holding the yum lock; waiting for it to exit...
  The other application is: yum
    Memory :  31 M RSS (324 MB VSZ)
    Started: Sun Nov  3 09:24:20 2024 - 00:29 ago
    State  : Sleeping, pid: 4590
Resolving Dependencies
--> Running transaction check
---> Package amazon-ssm-agent.x86_64 0:3.3.859.0-1.amzn2 will be updated
---> Package amazon-ssm-agent.x86_64 0:3.3.987.0-1.amzn2 will be an update
---> Package kernel.x86_64 0:4.14.353-270.569.amzn2 will be installed
--> Processing Dependency: amd-ucode-firmware >= 20200421-83.git78c0348.amzn2 for package: kernel-4.14.353-270.569.amzn2.x86_64
---> Package microcode_ctl.x86_64 2:2.1-47.amzn2.4.21 will be updated
---> Package microcode_ctl.x86_64 2:2.1-47.amzn2.4.22 will be an update
---> Package openssl.x86_64 1:1.0.2k-24.amzn2.0.13 will be updated
---> Package openssl.x86_64 1:1.0.2k-24.amzn2.0.14 will be an update
---> Package openssl-libs.x86_64 1:1.0.2k-24.amzn2.0.13 will be updated
---> Package openssl-libs.x86_64 1:1.0.2k-24.amzn2.0.14 will be an update
---> Package python.x86_64 0:2.7.18-1.amzn2.0.8 will be updated
---> Package python.x86_64 0:2.7.18-1.amzn2.0.9 will be an update
---> Package python-devel.x86_64 0:2.7.18-1.amzn2.0.8 will be updated
---> Package python-devel.x86_64 0:2.7.18-1.amzn2.0.9 will be an update
---> Package python-idna.noarch 0:2.4-1.amzn2 will be updated
---> Package python-idna.noarch 0:2.4-1.amzn2.0.1 will be an update
---> Package python-libs.x86_64 0:2.7.18-1.amzn2.0.8 will be updated
---> Package python-libs.x86_64 0:2.7.18-1.amzn2.0.9 will be an update
---> Package python3.x86_64 0:3.7.16-1.amzn2.0.6 will be updated
---> Package python3.x86_64 0:3.7.16-1.amzn2.0.7 will be an update
---> Package python3-libs.x86_64 0:3.7.16-1.amzn2.0.6 will be updated
---> Package python3-libs.x86_64 0:3.7.16-1.amzn2.0.7 will be an update
---> Package python3-pip.noarch 0:20.2.2-1.amzn2.0.6 will be updated
---> Package python3-pip.noarch 0:20.2.2-1.amzn2.0.7 will be an update
---> Package runc.x86_64 0:1.1.13-1.amzn2 will be updated
---> Package runc.x86_64 0:1.1.14-1.amzn2 will be an update
--> Running transaction check
---> Package amd-ucode-firmware.noarch 0:20200421-83.git78c0348.amzn2 will be installed
--> Finished Dependency Resolution

Dependencies Resolved

================================================================================
 Package            Arch   Version                         Repository      Size
================================================================================
Installing:
 kernel             x86_64 4.14.353-270.569.amzn2          amzn2-core      21 M
Updating:
 amazon-ssm-agent   x86_64 3.3.987.0-1.amzn2               amzn2-core      50 M
 microcode_ctl      x86_64 2:2.1-47.amzn2.4.22             amzn2-core     1.7 M
 openssl            x86_64 1:1.0.2k-24.amzn2.0.14          amzn2-core     498 k
 openssl-libs       x86_64 1:1.0.2k-24.amzn2.0.14          amzn2-core     1.2 M
 python             x86_64 2.7.18-1.amzn2.0.9              amzn2-core      93 k
 python-devel       x86_64 2.7.18-1.amzn2.0.9              amzn2-core     404 k
 python-idna        noarch 2.4-1.amzn2.0.1                 amzn2-core      97 k
 python-libs        x86_64 2.7.18-1.amzn2.0.9              amzn2-core     7.5 M
 python3            x86_64 3.7.16-1.amzn2.0.7              amzn2-core      73 k
 python3-libs       x86_64 3.7.16-1.amzn2.0.7              amzn2-core     9.8 M
 python3-pip        noarch 20.2.2-1.amzn2.0.7              amzn2-core     2.0 M
 runc               x86_64 1.1.14-1.amzn2                  amzn2extra-ecs 3.2 M
Installing for dependencies:
 amd-ucode-firmware noarch 20200421-83.git78c0348.amzn2    amzn2-core      99 k

Transaction Summary
================================================================================
Install   1 Package  (+1 Dependent package)
Upgrade  12 Packages

Total download size: 98 M
Downloading packages:
Delta RPMs disabled because /usr/bin/applydeltarpm not installed.
--------------------------------------------------------------------------------
Total                                               55 MB/s |  98 MB  00:01     
Running transaction check
Running transaction test
Transaction test succeeded
Running transaction
  Updating   : 1:openssl-libs-1.0.2k-24.amzn2.0.14.x86_64                  1/26 
  Updating   : python-libs-2.7.18-1.amzn2.0.9.x86_64                       2/26 
  Updating   : python-2.7.18-1.amzn2.0.9.x86_64                            3/26 
  Updating   : python3-pip-20.2.2-1.amzn2.0.7.noarch                       4/26 
  Updating   : python3-libs-3.7.16-1.amzn2.0.7.x86_64                      5/26 
  Updating   : python3-3.7.16-1.amzn2.0.7.x86_64                           6/26 
  Installing : amd-ucode-firmware-20200421-83.git78c0348.amzn2.noarch      7/26 
  Updating   : 2:microcode_ctl-2.1-47.amzn2.4.22.x86_64                    8/26 
  Installing : kernel-4.14.353-270.569.amzn2.x86_64                        9/26 
  Updating   : python-devel-2.7.18-1.amzn2.0.9.x86_64                     10/26 
  Updating   : python-idna-2.4-1.amzn2.0.1.noarch                         11/26 
  Updating   : 1:openssl-1.0.2k-24.amzn2.0.14.x86_64                      12/26 
  Updating   : amazon-ssm-agent-3.3.987.0-1.amzn2.x86_64                  13/26 
  Updating   : runc-1.1.14-1.amzn2.x86_64                                 14/26 
  Cleanup    : python-devel-2.7.18-1.amzn2.0.8.x86_64                     15/26 
  Cleanup    : python-idna-2.4-1.amzn2.noarch                             16/26 
  Cleanup    : amazon-ssm-agent-3.3.859.0-1.amzn2.x86_64                  17/26 
  Cleanup    : python3-libs-3.7.16-1.amzn2.0.6.x86_64                     18/26 
  Cleanup    : python3-pip-20.2.2-1.amzn2.0.6.noarch                      19/26 
  Cleanup    : python3-3.7.16-1.amzn2.0.6.x86_64                          20/26 
  Cleanup    : python-2.7.18-1.amzn2.0.8.x86_64                           21/26 
  Cleanup    : python-libs-2.7.18-1.amzn2.0.8.x86_64                      22/26 
  Cleanup    : 1:openssl-1.0.2k-24.amzn2.0.13.x86_64                      23/26 
  Cleanup    : 1:openssl-libs-1.0.2k-24.amzn2.0.13.x86_64                 24/26 
  Cleanup    : 2:microcode_ctl-2.1-47.amzn2.4.21.x86_64                   25/26 
  Cleanup    : runc-1.1.13-1.amzn2.x86_64                                 26/26 
  Verifying  : runc-1.1.14-1.amzn2.x86_64                                  1/26 
  Verifying  : python3-3.7.16-1.amzn2.0.7.x86_64                           2/26 
  Verifying  : python-libs-2.7.18-1.amzn2.0.9.x86_64                       3/26 
  Verifying  : 1:openssl-libs-1.0.2k-24.amzn2.0.14.x86_64                  4/26 
  Verifying  : python-devel-2.7.18-1.amzn2.0.9.x86_64                      5/26 
  Verifying  : python3-pip-20.2.2-1.amzn2.0.7.noarch                       6/26 
  Verifying  : amazon-ssm-agent-3.3.987.0-1.amzn2.x86_64                   7/26 
  Verifying  : 2:microcode_ctl-2.1-47.amzn2.4.22.x86_64                    8/26 
  Verifying  : python-idna-2.4-1.amzn2.0.1.noarch                          9/26 
  Verifying  : python-2.7.18-1.amzn2.0.9.x86_64                           10/26 
  Verifying  : 1:openssl-1.0.2k-24.amzn2.0.14.x86_64                      11/26 
  Verifying  : amd-ucode-firmware-20200421-83.git78c0348.amzn2.noarch     12/26 
  Verifying  : kernel-4.14.353-270.569.amzn2.x86_64                       13/26 
  Verifying  : python3-libs-3.7.16-1.amzn2.0.7.x86_64                     14/26 
  Verifying  : python-devel-2.7.18-1.amzn2.0.8.x86_64                     15/26 
  Verifying  : python3-pip-20.2.2-1.amzn2.0.6.noarch                      16/26 
  Verifying  : python-libs-2.7.18-1.amzn2.0.8.x86_64                      17/26 
  Verifying  : python-2.7.18-1.amzn2.0.8.x86_64                           18/26 
  Verifying  : amazon-ssm-agent-3.3.859.0-1.amzn2.x86_64                  19/26 
  Verifying  : 1:openssl-libs-1.0.2k-24.amzn2.0.13.x86_64                 20/26 
  Verifying  : 1:openssl-1.0.2k-24.amzn2.0.13.x86_64                      21/26 
  Verifying  : 2:microcode_ctl-2.1-47.amzn2.4.21.x86_64                   22/26 
  Verifying  : python-idna-2.4-1.amzn2.noarch                             23/26 
  Verifying  : python3-libs-3.7.16-1.amzn2.0.6.x86_64                     24/26 
  Verifying  : runc-1.1.13-1.amzn2.x86_64                                 25/26 
  Verifying  : python3-3.7.16-1.amzn2.0.6.x86_64                          26/26 

Installed:
  kernel.x86_64 0:4.14.353-270.569.amzn2                                        

Dependency Installed:
  amd-ucode-firmware.noarch 0:20200421-83.git78c0348.amzn2                      

Updated:
  amazon-ssm-agent.x86_64 0:3.3.987.0-1.amzn2                                   
  microcode_ctl.x86_64 2:2.1-47.amzn2.4.22                                      
  openssl.x86_64 1:1.0.2k-24.amzn2.0.14                                         
  openssl-libs.x86_64 1:1.0.2k-24.amzn2.0.14                                    
  python.x86_64 0:2.7.18-1.amzn2.0.9                                            
  python-devel.x86_64 0:2.7.18-1.amzn2.0.9                                      
  python-idna.noarch 0:2.4-1.amzn2.0.1                                          
  python-libs.x86_64 0:2.7.18-1.amzn2.0.9                                       
  python3.x86_64 0:3.7.16-1.amzn2.0.7                                           
  python3-libs.x86_64 0:3.7.16-1.amzn2.0.7                                      
  python3-pip.noarch 0:20.2.2-1.amzn2.0.7                                       
  runc.x86_64 0:1.1.14-1.amzn2                                                  

Complete!
+ wait
+ log 'Installing AWS CLI'
++ date '+%Y-%m-%d %H:%M:%S'
+ echo '[2024-11-03 09:25:44] Installing AWS CLI'
[2024-11-03 09:25:44] Installing AWS CLI
+ sudo yum install -y aws-cli
Loaded plugins: priorities, update-motd, upgrade-helper
Resolving Dependencies
--> Running transaction check
---> Package awscli.noarch 0:1.18.147-1.amzn2.0.2 will be installed
--> Processing Dependency: python2-botocore = 1.18.6 for package: awscli-1.18.147-1.amzn2.0.2.noarch
--> Processing Dependency: python-colorama for package: awscli-1.18.147-1.amzn2.0.2.noarch
--> Processing Dependency: python-docutils for package: awscli-1.18.147-1.amzn2.0.2.noarch
--> Processing Dependency: python-rsa for package: awscli-1.18.147-1.amzn2.0.2.noarch
--> Processing Dependency: python2-s3transfer for package: awscli-1.18.147-1.amzn2.0.2.noarch
--> Running transaction check
---> Package python-docutils.noarch 0:0.12-0.2.20140510svn7747.amzn2 will be installed
--> Processing Dependency: python-imaging for package: python-docutils-0.12-0.2.20140510svn7747.amzn2.noarch
---> Package python2-botocore.noarch 0:1.18.6-1.amzn2.0.3 will be installed
--> Processing Dependency: python-dateutil >= 1.4 for package: python2-botocore-1.18.6-1.amzn2.0.3.noarch
--> Processing Dependency: python-jmespath >= 0.9.3 for package: python2-botocore-1.18.6-1.amzn2.0.3.noarch
---> Package python2-colorama.noarch 0:0.3.9-3.amzn2.0.1 will be installed
---> Package python2-rsa.noarch 0:3.4.1-1.amzn2.0.4 will be installed
---> Package python2-s3transfer.noarch 0:0.3.3-1.amzn2.0.1 will be installed
--> Processing Dependency: python-futures for package: python2-s3transfer-0.3.3-1.amzn2.0.1.noarch
--> Running transaction check
---> Package python-pillow.x86_64 0:2.0.0-23.gitd1c6db8.amzn2.0.13 will be installed
--> Processing Dependency: libjpeg.so.62(LIBJPEG_6.2)(64bit) for package: python-pillow-2.0.0-23.gitd1c6db8.amzn2.0.13.x86_64
--> Processing Dependency: libtiff.so.5(LIBTIFF_4.0)(64bit) for package: python-pillow-2.0.0-23.gitd1c6db8.amzn2.0.13.x86_64
--> Processing Dependency: libjpeg.so.62()(64bit) for package: python-pillow-2.0.0-23.gitd1c6db8.amzn2.0.13.x86_64
--> Processing Dependency: libtiff.so.5()(64bit) for package: python-pillow-2.0.0-23.gitd1c6db8.amzn2.0.13.x86_64
--> Processing Dependency: libwebp.so.4()(64bit) for package: python-pillow-2.0.0-23.gitd1c6db8.amzn2.0.13.x86_64
---> Package python2-dateutil.noarch 1:2.6.1-3.amzn2 will be installed
---> Package python2-futures.noarch 0:3.0.5-1.amzn2 will be installed
---> Package python2-jmespath.noarch 0:0.9.3-1.amzn2.0.2 will be installed
--> Running transaction check
---> Package libjpeg-turbo.x86_64 0:2.0.90-2.amzn2.0.6 will be installed
---> Package libtiff.x86_64 0:4.0.3-35.amzn2.0.22 will be installed
--> Processing Dependency: libjbig.so.2.0()(64bit) for package: libtiff-4.0.3-35.amzn2.0.22.x86_64
---> Package libwebp.x86_64 0:0.3.0-10.amzn2.0.2 will be installed
--> Running transaction check
---> Package jbigkit-libs.x86_64 0:2.0-11.amzn2.0.3 will be installed
--> Finished Dependency Resolution

Dependencies Resolved

================================================================================
 Package             Arch    Version                          Repository   Size
================================================================================
Installing:
 awscli              noarch  1.18.147-1.amzn2.0.2             amzn2-core  2.1 M
Installing for dependencies:
 jbigkit-libs        x86_64  2.0-11.amzn2.0.3                 amzn2-core   47 k
 libjpeg-turbo       x86_64  2.0.90-2.amzn2.0.6               amzn2-core  171 k
 libtiff             x86_64  4.0.3-35.amzn2.0.22              amzn2-core  176 k
 libwebp             x86_64  0.3.0-10.amzn2.0.2               amzn2-core  170 k
 python-docutils     noarch  0.12-0.2.20140510svn7747.amzn2   amzn2-core  1.5 M
 python-pillow       x86_64  2.0.0-23.gitd1c6db8.amzn2.0.13   amzn2-core  447 k
 python2-botocore    noarch  1.18.6-1.amzn2.0.3               amzn2-core  4.4 M
 python2-colorama    noarch  0.3.9-3.amzn2.0.1                amzn2-core   30 k
 python2-dateutil    noarch  1:2.6.1-3.amzn2                  amzn2-core  251 k
 python2-futures     noarch  3.0.5-1.amzn2                    amzn2-core   27 k
 python2-jmespath    noarch  0.9.3-1.amzn2.0.2                amzn2-core   42 k
 python2-rsa         noarch  3.4.1-1.amzn2.0.4                amzn2-core   67 k
 python2-s3transfer  noarch  0.3.3-1.amzn2.0.1                amzn2-core  104 k

Transaction Summary
================================================================================
Install  1 Package (+13 Dependent packages)

Total download size: 9.5 M
Installed size: 65 M
Downloading packages:
--------------------------------------------------------------------------------
Total                                               25 MB/s | 9.5 MB  00:00     
Running transaction check
Running transaction test
Transaction test succeeded
Running transaction
  Installing : libjpeg-turbo-2.0.90-2.amzn2.0.6.x86_64                     1/14 
  Installing : python2-rsa-3.4.1-1.amzn2.0.4.noarch                        2/14 
  Installing : python2-jmespath-0.9.3-1.amzn2.0.2.noarch                   3/14 
  Installing : libwebp-0.3.0-10.amzn2.0.2.x86_64                           4/14 
  Installing : jbigkit-libs-2.0-11.amzn2.0.3.x86_64                        5/14 
  Installing : libtiff-4.0.3-35.amzn2.0.22.x86_64                          6/14 
  Installing : python-pillow-2.0.0-23.gitd1c6db8.amzn2.0.13.x86_64         7/14 
  Installing : python-docutils-0.12-0.2.20140510svn7747.amzn2.noarch       8/14 
  Installing : python2-colorama-0.3.9-3.amzn2.0.1.noarch                   9/14 
  Installing : 1:python2-dateutil-2.6.1-3.amzn2.noarch                    10/14 
  Installing : python2-botocore-1.18.6-1.amzn2.0.3.noarch                 11/14 
  Installing : python2-futures-3.0.5-1.amzn2.noarch                       12/14 
  Installing : python2-s3transfer-0.3.3-1.amzn2.0.1.noarch                13/14 
  Installing : awscli-1.18.147-1.amzn2.0.2.noarch                         14/14 
  Verifying  : libjpeg-turbo-2.0.90-2.amzn2.0.6.x86_64                     1/14 
  Verifying  : python2-s3transfer-0.3.3-1.amzn2.0.1.noarch                 2/14 
  Verifying  : python2-futures-3.0.5-1.amzn2.noarch                        3/14 
  Verifying  : 1:python2-dateutil-2.6.1-3.amzn2.noarch                     4/14 
  Verifying  : python2-colorama-0.3.9-3.amzn2.0.1.noarch                   5/14 
  Verifying  : jbigkit-libs-2.0-11.amzn2.0.3.x86_64                        6/14 
  Verifying  : python2-botocore-1.18.6-1.amzn2.0.3.noarch                  7/14 
  Verifying  : awscli-1.18.147-1.amzn2.0.2.noarch                          8/14 
  Verifying  : libwebp-0.3.0-10.amzn2.0.2.x86_64                           9/14 
  Verifying  : python-pillow-2.0.0-23.gitd1c6db8.amzn2.0.13.x86_64        10/14 
  Verifying  : libtiff-4.0.3-35.amzn2.0.22.x86_64                         11/14 
  Verifying  : python2-jmespath-0.9.3-1.amzn2.0.2.noarch                  12/14 
  Verifying  : python2-rsa-3.4.1-1.amzn2.0.4.noarch                       13/14 
  Verifying  : python-docutils-0.12-0.2.20140510svn7747.amzn2.noarch      14/14 

Installed:
  awscli.noarch 0:1.18.147-1.amzn2.0.2                                          

Dependency Installed:
  jbigkit-libs.x86_64 0:2.0-11.amzn2.0.3                                        
  libjpeg-turbo.x86_64 0:2.0.90-2.amzn2.0.6                                     
  libtiff.x86_64 0:4.0.3-35.amzn2.0.22                                          
  libwebp.x86_64 0:0.3.0-10.amzn2.0.2                                           
  python-docutils.noarch 0:0.12-0.2.20140510svn7747.amzn2                       
  python-pillow.x86_64 0:2.0.0-23.gitd1c6db8.amzn2.0.13                         
  python2-botocore.noarch 0:1.18.6-1.amzn2.0.3                                  
  python2-colorama.noarch 0:0.3.9-3.amzn2.0.1                                   
  python2-dateutil.noarch 1:2.6.1-3.amzn2                                       
  python2-futures.noarch 0:3.0.5-1.amzn2                                        
  python2-jmespath.noarch 0:0.9.3-1.amzn2.0.2                                   
  python2-rsa.noarch 0:3.4.1-1.amzn2.0.4                                        
  python2-s3transfer.noarch 0:0.3.3-1.amzn2.0.1                                 

Complete!
+ wait
+ export CLUSTER_NAME=demo-cluster-646db8f5
+ CLUSTER_NAME=demo-cluster-646db8f5
+ export LOG_GROUP_NAME=log_group-646db8f5
+ LOG_GROUP_NAME=log_group-646db8f5
+ export LOG_STREAM_NAME=ecs
+ LOG_STREAM_NAME=ecs
+ export REGION=us-east-1
+ REGION=us-east-1
+ export DOCKERHUB_USERNAME=sergyfxb@gmail.com
+ DOCKERHUB_USERNAME=sergyfxb@gmail.com
+ export 'DOCKERHUB_PASSWORD=Wgi29022025!@#'
+ DOCKERHUB_PASSWORD='Wgi29022025!@#'
+ sudo tee -a /etc/environment
+ echo CLUSTER_NAME=demo-cluster-646db8f5
CLUSTER_NAME=demo-cluster-646db8f5
+ sudo tee -a /etc/environment
+ echo LOG_GROUP_NAME=log_group-646db8f5
LOG_GROUP_NAME=log_group-646db8f5
+ sudo tee -a /etc/environment
+ echo LOG_STREAM_NAME=ecs
LOG_STREAM_NAME=ecs
+ echo REGION=us-east-1
+ sudo tee -a /etc/environment
REGION=us-east-1
+ sudo tee -a /etc/environment
+ echo DOCKERHUB_USERNAME=sergyfxb@gmail.com
DOCKERHUB_USERNAME=sergyfxb@gmail.com
+ echo 'DOCKERHUB_PASSWORD=Wgi29022025!@#'
+ sudo tee -a /etc/environment
DOCKERHUB_PASSWORD=Wgi29022025!@#
+ source /etc/environment
++ CLUSTER_NAME=demo-cluster-646db8f5
++ LOG_GROUP_NAME=log_group-646db8f5
++ LOG_STREAM_NAME=ecs
++ REGION=us-east-1
++ DOCKERHUB_USERNAME=sergyfxb@gmail.com
++ DOCKERHUB_PASSWORD='Wgi29022025!@#'
+ log 'Setting up environment variables'
++ date '+%Y-%m-%d %H:%M:%S'
+ echo '[2024-11-03 09:25:49] Setting up environment variables'
[2024-11-03 09:25:49] Setting up environment variables
+ sudo mkdir -p /etc/ecs
+ sudo tee /etc/ecs/ecs.config
+ log 'Setting permissions on ECS config'
++ date '+%Y-%m-%d %H:%M:%S'
+ echo '[2024-11-03 09:25:49] Setting permissions on ECS config'
[2024-11-03 09:25:49] Setting permissions on ECS config
+ sudo chmod 644 /etc/ecs/ecs.config
+ log 'Creating ECS data directory'
++ date '+%Y-%m-%d %H:%M:%S'
+ echo '[2024-11-03 09:25:50] Creating ECS data directory'
[2024-11-03 09:25:50] Creating ECS data directory
+ sudo mkdir -p /data
+ sudo chmod 744 /data
+ log 'Cleaning up existing ECS containers'
++ date '+%Y-%m-%d %H:%M:%S'
+ echo '[2024-11-03 09:25:50] Cleaning up existing ECS containers'
[2024-11-03 09:25:50] Cleaning up existing ECS containers
+ command -v docker
+ grep -q .
+ docker ps -a --filter name=ecs-agent
++ docker ps -a --filter name=ecs-agent -q
+ docker rm -f
"docker rm" requires at least 1 argument.
See 'docker rm --help'.

Usage:  docker rm [OPTIONS] CONTAINER [CONTAINER...]

Remove one or more containers
+ log 'Managing ECS services'
++ date '+%Y-%m-%d %H:%M:%S'
+ echo '[2024-11-03 09:25:50] Managing ECS services'
[2024-11-03 09:25:50] Managing ECS services
+ systemctl is-active ecs.service
+ log 'Updating and starting Docker'
++ date '+%Y-%m-%d %H:%M:%S'
+ echo '[2024-11-03 09:25:50] Updating and starting Docker'
[2024-11-03 09:25:50] Updating and starting Docker
+ sudo yum update -y docker
Loaded plugins: priorities, update-motd, upgrade-helper
No packages marked for update
+ sudo systemctl enable docker
Created symlink from /etc/systemd/system/multi-user.target.wants/docker.service to /usr/lib/systemd/system/docker.service.
+ sudo systemctl start docker
+ log 'Waiting for Docker to start...'
++ date '+%Y-%m-%d %H:%M:%S'
+ echo '[2024-11-03 09:25:51] Waiting for Docker to start...'
[2024-11-03 09:25:51] Waiting for Docker to start...
+ sudo systemctl is-active --quiet docker
+ log 'Updating ECS agent'
++ date '+%Y-%m-%d %H:%M:%S'
+ echo '[2024-11-03 09:25:51] Updating ECS agent'
[2024-11-03 09:25:51] Updating ECS agent
+ sudo yum update -y ecs-init
Loaded plugins: priorities, update-motd, upgrade-helper
No packages marked for update
+ sudo systemctl stop ecs
+ docker rm -f ecs-agent
Error response from daemon: No such container: ecs-agent
+ rm -rf '/var/lib/ecs/data/*'
+ sudo systemctl enable ecs
+ sudo systemctl start ecs
